[0.019s] Invoking command in '/home/ros_ws/build/params_learning': CMAKE_PREFIX_PATH=/opt/ros/galactic /usr/bin/cmake --build /home/ros_ws/build/params_learning -- -j2 -l2
[0.065s] [35m[1mScanning dependencies of target pub[0m
[0.129s] [ 50%] [32mBuilding CXX object CMakeFiles/pub.dir/src/pub.cpp.o[0m
[1.697s] [01m[K/home/ros_ws/src/params_learning/src/pub.cpp:[m[K In constructor â€˜[01m[KCustomPublisher::CustomPublisher()[m[Kâ€™:
[1.697s] [01m[K/home/ros_ws/src/params_learning/src/pub.cpp:15:3:[m[K [01;31m[Kerror: [m[Kno matching function for call to â€˜[01m[KCustomPublisher::create_wall_timer<StringType>(std::chrono::milliseconds, std::_Bind_helper<false, void (CustomPublisher::*)(), CustomPublisher*>::type)[m[Kâ€™
[1.697s]    15 |   [01;31m[K)[m[K;
[1.697s]       |   [01;31m[K^[m[K
[1.697s] In file included from [01m[K/opt/ros/galactic/include/rclcpp/executors/single_threaded_executor.hpp:28[m[K,
[1.697s]                  from [01m[K/opt/ros/galactic/include/rclcpp/executors.hpp:22[m[K,
[1.697s]                  from [01m[K/opt/ros/galactic/include/rclcpp/rclcpp.hpp:156[m[K,
[1.697s]                  from [01m[K/home/ros_ws/src/params_learning/src/pub.cpp:2[m[K:
[1.697s] [01m[K/opt/ros/galactic/include/rclcpp/node.hpp:248:3:[m[K [01;36m[Knote: [m[Kcandidate: â€˜[01m[Ktemplate<class DurationRepT, class DurationT, class CallbackT> typename rclcpp::WallTimer<CallbackT>::SharedPtr rclcpp::Node::create_wall_timer(std::chrono::duration<_Rep1, _Period1>, CallbackT, rclcpp::CallbackGroup::SharedPtr)[m[Kâ€™
[1.697s]   248 |   [01;36m[Kcreate_wall_timer[m[K(
[1.698s]       |   [01;36m[K^~~~~~~~~~~~~~~~~[m[K
[1.698s] [01m[K/opt/ros/galactic/include/rclcpp/node.hpp:248:3:[m[K [01;36m[Knote: [m[K  template argument deduction/substitution failed:
[1.698s] [01m[K/home/ros_ws/src/params_learning/src/pub.cpp:15:3:[m[K [01;36m[Knote: [m[K  mismatched types â€˜[01m[Kstd_msgs::msg::String_<std::allocator<void> >[m[Kâ€™ and â€˜[01m[Klong int[m[Kâ€™
[1.698s]    15 |   [01;36m[K)[m[K;
[1.698s]       |   [01;36m[K^[m[K
[2.633s] make[2]: *** [CMakeFiles/pub.dir/build.make:63: CMakeFiles/pub.dir/src/pub.cpp.o] Error 1
[2.635s] make[1]: *** [CMakeFiles/Makefile2:78: CMakeFiles/pub.dir/all] Error 2
[2.636s] make: *** [Makefile:141: all] Error 2
[2.638s] Invoked command in '/home/ros_ws/build/params_learning' returned '2': CMAKE_PREFIX_PATH=/opt/ros/galactic /usr/bin/cmake --build /home/ros_ws/build/params_learning -- -j2 -l2
