[0.021s] Invoking command in '/home/ros_ws/build/params_learning': CMAKE_PREFIX_PATH=${CMAKE_PREFIX_PATH}:/opt/ros/galactic /usr/bin/cmake --build /home/ros_ws/build/params_learning -- -j2 -l2
[0.098s] [35m[1mScanning dependencies of target pub[0m
[0.136s] [ 50%] [32mBuilding CXX object CMakeFiles/pub.dir/src/pub.cpp.o[0m
[2.107s] [01m[K/home/ros_ws/src/params_learning/src/pub.cpp:[m[K In member function â€˜[01m[Krcl_interfaces::msg::SetParametersResult CustomPublisher::paramsCallback(const std::vector<rclcpp::Parameter>&)[m[Kâ€™:
[2.108s] [01m[K/home/ros_ws/src/params_learning/src/pub.cpp:49:13:[m[K [01;31m[Kerror: [m[Kinvalid conversion from â€˜[01m[Kconst void*[m[Kâ€™ to â€˜[01m[Kvoid*[m[Kâ€™ [[01;31m[K-fpermissive[m[K]
[2.108s]    49 |  free([01;31m[Kthis->msg_data_[m[K);
[2.110s]       |       [01;31m[K~~~~~~^~~~~~~~~[m[K
[2.110s]       |             [01;31m[K|[m[K
[2.110s]       |             [01;31m[Kconst void*[m[K
[2.111s] In file included from [01m[K/usr/include/c++/9/cstdlib:75[m[K,
[2.111s]                  from [01m[K/usr/include/c++/9/ext/string_conversions.h:41[m[K,
[2.111s]                  from [01m[K/usr/include/c++/9/bits/basic_string.h:6496[m[K,
[2.112s]                  from [01m[K/usr/include/c++/9/string:55[m[K,
[2.112s]                  from [01m[K/usr/include/c++/9/bits/locale_classes.h:40[m[K,
[2.112s]                  from [01m[K/usr/include/c++/9/bits/ios_base.h:41[m[K,
[2.112s]                  from [01m[K/usr/include/c++/9/ios:42[m[K,
[2.113s]                  from [01m[K/usr/include/c++/9/ostream:38[m[K,
[2.113s]                  from [01m[K/usr/include/c++/9/iostream:39[m[K,
[2.113s]                  from [01m[K/home/ros_ws/src/params_learning/src/pub.cpp:1[m[K:
[2.113s] [01m[K/usr/include/stdlib.h:565:25:[m[K [01;36m[Knote: [m[K  initializing argument 1 of â€˜[01m[Kvoid free(void*)[m[Kâ€™
[2.114s]   565 | extern void free ([01;36m[Kvoid *__ptr[m[K) __THROW;
[2.114s]       |                   [01;36m[K~~~~~~^~~~~[m[K
[2.835s] make[2]: *** [CMakeFiles/pub.dir/build.make:63: CMakeFiles/pub.dir/src/pub.cpp.o] Error 1
[2.837s] make[1]: *** [CMakeFiles/Makefile2:78: CMakeFiles/pub.dir/all] Error 2
[2.837s] make: *** [Makefile:141: all] Error 2
[2.864s] Invoked command in '/home/ros_ws/build/params_learning' returned '2': CMAKE_PREFIX_PATH=${CMAKE_PREFIX_PATH}:/opt/ros/galactic /usr/bin/cmake --build /home/ros_ws/build/params_learning -- -j2 -l2
