[0.019s] Invoking command in '/home/ros_ws/build/params_learning': CMAKE_PREFIX_PATH=${CMAKE_PREFIX_PATH}:/opt/ros/galactic /usr/bin/cmake --build /home/ros_ws/build/params_learning -- -j2 -l2
[0.042s] -- Found ament_cmake: 1.1.6 (/opt/ros/galactic/share/ament_cmake/cmake)
[0.061s] -- Using PYTHON_EXECUTABLE: /usr/bin/python3
[0.131s] -- Found rclcpp: 9.2.2 (/opt/ros/galactic/share/rclcpp/cmake)
[0.179s] -- Using all available rosidl_typesupport_c: rosidl_typesupport_fastrtps_c;rosidl_typesupport_introspection_c
[0.185s] -- Found rosidl_adapter: 2.2.3 (/opt/ros/galactic/share/rosidl_adapter/cmake)
[0.247s] -- Found OpenSSL: /usr/lib/x86_64-linux-gnu/libcrypto.so (found version "1.1.1f")  
[0.272s] -- Found FastRTPS: /opt/ros/galactic/include  
[0.354s] -- Using all available rosidl_typesupport_cpp: rosidl_typesupport_fastrtps_cpp;rosidl_typesupport_introspection_cpp
[0.419s] -- Found rmw_implementation_cmake: 3.3.1 (/opt/ros/galactic/share/rmw_implementation_cmake/cmake)
[0.422s] -- Found rmw_cyclonedds_cpp: 0.22.6 (/opt/ros/galactic/share/rmw_cyclonedds_cpp/cmake)
[0.442s] -- Using RMW implementation 'rmw_cyclonedds_cpp' as default
[0.445s] -- Looking for pthread.h
[0.521s] -- Looking for pthread.h - found
[0.522s] -- Performing Test CMAKE_HAVE_LIBC_PTHREAD
[0.591s] -- Performing Test CMAKE_HAVE_LIBC_PTHREAD - Failed
[0.591s] -- Looking for pthread_create in pthreads
[0.644s] -- Looking for pthread_create in pthreads - not found
[0.644s] -- Looking for pthread_create in pthread
[0.710s] -- Looking for pthread_create in pthread - found
[0.711s] -- Found Threads: TRUE  
[0.854s] -- Found rclcpp_components: 9.2.2 (/opt/ros/galactic/share/rclcpp_components/cmake)
[0.905s] -- Found rclpy: 1.9.3 (/opt/ros/galactic/share/rclpy/cmake)
[0.906s] -- Found rclcpp_lifecycle: 9.2.2 (/opt/ros/galactic/share/rclcpp_lifecycle/cmake)
[0.943s] -- Found cv_bridge: 3.1.3 (/opt/ros/galactic/share/cv_bridge/cmake)
[1.092s] -- Found rosidl_default_generators: 1.1.1 (/opt/ros/galactic/share/rosidl_default_generators/cmake)
[1.163s] -- Configuring done
[1.171s] -- Generating done
[1.173s] -- Build files have been written to: /home/ros_ws/build/params_learning
[1.198s] [35m[1mScanning dependencies of target node[0m
[1.308s] [ 50%] [32mBuilding CXX object CMakeFiles/node.dir/src/node.cpp.o[0m
[3.634s] [100%] [32m[1mLinking CXX executable node[0m
[3.731s] /usr/bin/ld: /usr/lib/gcc/x86_64-linux-gnu/9/../../../x86_64-linux-gnu/Scrt1.o: in function `_start':
[3.731s] (.text+0x24): undefined reference to `main'
[3.731s] collect2: error: ld returned 1 exit status
[3.737s] make[2]: *** [CMakeFiles/node.dir/build.make:132: node] Error 1
[3.737s] make[1]: *** [CMakeFiles/Makefile2:78: CMakeFiles/node.dir/all] Error 2
[3.740s] make: *** [Makefile:141: all] Error 2
[3.741s] Invoked command in '/home/ros_ws/build/params_learning' returned '2': CMAKE_PREFIX_PATH=${CMAKE_PREFIX_PATH}:/opt/ros/galactic /usr/bin/cmake --build /home/ros_ws/build/params_learning -- -j2 -l2
