[ 50%] [32mBuilding CXX object CMakeFiles/pub.dir/src/pub.cpp.o[0m
[01m[K/home/ros_ws/src/params_learning/src/pub.cpp:[m[K In member function â€˜[01m[Krcl_interfaces::msg::SetParametersResult CustomPublisher::paramsCallback(const std::vector<rclcpp::Parameter>&)[m[Kâ€™:
[01m[K/home/ros_ws/src/params_learning/src/pub.cpp:45:65:[m[K [01;31m[Kerror: [m[Kinvalid conversion from â€˜[01m[K__gnu_cxx::__alloc_traits<std::allocator<char>, char>::value_type[m[Kâ€™ {aka â€˜[01m[Kchar[m[Kâ€™} to â€˜[01m[Kchar*[m[Kâ€™ [[01;31m[K-fpermissive[m[K]
   45 |  this->msg_data_ = this->get_parameter("msg_text").as_string()[0[01;31m[K][m[K;
      |                                                                 [01;31m[K^[m[K
      |                                                                 [01;31m[K|[m[K
      |                                                                 [01;31m[K__gnu_cxx::__alloc_traits<std::allocator<char>, char>::value_type {aka char}[m[K
make[2]: *** [CMakeFiles/pub.dir/build.make:63: CMakeFiles/pub.dir/src/pub.cpp.o] Error 1
make[1]: *** [CMakeFiles/Makefile2:78: CMakeFiles/pub.dir/all] Error 2
make: *** [Makefile:141: all] Error 2
