[01m[K/home/ros_ws/src/params_learning/src/pub.cpp:28:44:[m[K [01;31m[Kerror: [m[Kexpected unqualified-id before â€˜[01m[Kconst[m[Kâ€™
   28 |  rcl_interfaces::msg::SetParametersResult ([01;31m[Kconst[m[K std::vector<rclcpp::Parameter>& params);
      |                                            [01;31m[K^~~~~[m[K
[01m[K/home/ros_ws/src/params_learning/src/pub.cpp:28:44:[m[K [01;31m[Kerror: [m[Kexpected â€˜[01m[K)[m[Kâ€™ before â€˜[01m[Kconst[m[Kâ€™
   28 |  rcl_interfaces::msg::SetParametersResult [34m[K([m[K[01;31m[Kc[m[K[32m[Konst[m[K std::vector<rclcpp::Parameter>& params);
      |                                           [34m[K~[m[K[01;31m[K^[m[K[32m[K~~~~[m[K
      |                                            [32m[K)[m[K
[01m[K/home/ros_ws/src/params_learning/src/pub.cpp:[m[K In constructor â€˜[01m[KCustomPublisher::CustomPublisher()[m[Kâ€™:
[01m[K/home/ros_ws/src/params_learning/src/pub.cpp:22:32:[m[K [01;31m[Kerror: [m[Kâ€˜[01m[KparamsCallback[m[Kâ€™ is not a member of â€˜[01m[KCustomPublisher[m[Kâ€™
   22 |    std::bind(&CustomPublisher::[01;31m[KparamsCallback[m[K, this, placeholders::_1)
      |                                [01;31m[K^~~~~~~~~~~~~~[m[K
[01m[K/home/ros_ws/src/params_learning/src/pub.cpp:[m[K At global scope:
[01m[K/home/ros_ws/src/params_learning/src/pub.cpp:40:42:[m[K [01;31m[Kerror: [m[Kno declaration matches â€˜[01m[Krcl_interfaces::msg::SetParametersResult CustomPublisher::paramsCallback(const std::vector<rclcpp::Parameter>&)[m[Kâ€™
   40 | rcl_interfaces::msg::SetParametersResult [01;31m[KCustomPublisher[m[K::paramsCallback(const std::vector<rclcpp::Parameter>& params) {
      |                                          [01;31m[K^~~~~~~~~~~~~~~[m[K
[01m[K/home/ros_ws/src/params_learning/src/pub.cpp:40:42:[m[K [01;36m[Knote: [m[Kno functions named â€˜[01m[Krcl_interfaces::msg::SetParametersResult CustomPublisher::paramsCallback(const std::vector<rclcpp::Parameter>&)[m[Kâ€™
[01m[K/home/ros_ws/src/params_learning/src/pub.cpp:10:7:[m[K [01;36m[Knote: [m[Kâ€˜[01m[Kclass CustomPublisher[m[Kâ€™ defined here
   10 | class [01;36m[KCustomPublisher[m[K: public rclcpp::Node
      |       [01;36m[K^~~~~~~~~~~~~~~[m[K
make[2]: *** [CMakeFiles/pub.dir/build.make:63: CMakeFiles/pub.dir/src/pub.cpp.o] Error 1
make[1]: *** [CMakeFiles/Makefile2:78: CMakeFiles/pub.dir/all] Error 2
make: *** [Makefile:141: all] Error 2
