[0.022s] Invoking command in '/home/ros_ws/build/params_learning': CMAKE_PREFIX_PATH=/opt/ros/galactic /usr/bin/cmake --build /home/ros_ws/build/params_learning -- -j2 -l2
[0.132s] [35m[1mScanning dependencies of target pub[0m
[0.197s] [ 50%] [32mBuilding CXX object CMakeFiles/pub.dir/src/pub.cpp.o[0m
[2.053s] [01m[K/home/ros_ws/src/params_learning/src/pub.cpp:[m[K In member function â€˜[01m[Krcl_interfaces::msg::SetParametersResult CustomPublisher::paramsCallback(const std::vector<rclcpp::Parameter>&)[m[Kâ€™:
[2.054s] [01m[K/home/ros_ws/src/params_learning/src/pub.cpp:45:20:[m[K [01;31m[Kerror: [m[Kinvalid conversion from â€˜[01m[Kconst value_type*[m[Kâ€™ {aka â€˜[01m[Kconst char*[m[Kâ€™} to â€˜[01m[Kchar*[m[Kâ€™ [[01;31m[K-fpermissive[m[K]
[2.054s]    45 |  this->msg_data_ = &(this->get_parameter("msg_text").as_string())[0];
[2.793s] make[2]: *** [CMakeFiles/pub.dir/build.make:63: CMakeFiles/pub.dir/src/pub.cpp.o] Error 1
[2.794s] make[1]: *** [CMakeFiles/Makefile2:78: CMakeFiles/pub.dir/all] Error 2
[2.794s] make: *** [Makefile:141: all] Error 2
[2.798s] Invoked command in '/home/ros_ws/build/params_learning' returned '2': CMAKE_PREFIX_PATH=/opt/ros/galactic /usr/bin/cmake --build /home/ros_ws/build/params_learning -- -j2 -l2
